0 info it worked if it ends with ok
1 verbose cli [ '/Users/dring/.nvm/versions/node/v0.12.5/bin/node',
1 verbose cli   '/Users/dring/.nvm/versions/node/v0.12.5/bin/npm',
1 verbose cli   'run',
1 verbose cli   'devb' ]
2 info using npm@2.11.2
3 info using node@v0.12.5
4 verbose stack Error: missing script: devb
4 verbose stack     at run (/Users/dring/.nvm/versions/node/v0.12.5/lib/node_modules/npm/lib/run-script.js:142:19)
4 verbose stack     at /Users/dring/.nvm/versions/node/v0.12.5/lib/node_modules/npm/lib/run-script.js:58:5
4 verbose stack     at /Users/dring/.nvm/versions/node/v0.12.5/lib/node_modules/npm/node_modules/read-package-json/read-json.js:345:5
4 verbose stack     at checkBinReferences_ (/Users/dring/.nvm/versions/node/v0.12.5/lib/node_modules/npm/node_modules/read-package-json/read-json.js:309:45)
4 verbose stack     at final (/Users/dring/.nvm/versions/node/v0.12.5/lib/node_modules/npm/node_modules/read-package-json/read-json.js:343:3)
4 verbose stack     at then (/Users/dring/.nvm/versions/node/v0.12.5/lib/node_modules/npm/node_modules/read-package-json/read-json.js:113:5)
4 verbose stack     at /Users/dring/.nvm/versions/node/v0.12.5/lib/node_modules/npm/node_modules/read-package-json/read-json.js:284:20
4 verbose stack     at evalmachine.<anonymous>:263:20
4 verbose stack     at OpenReq.Req.done (/Users/dring/.nvm/versions/node/v0.12.5/lib/node_modules/npm/node_modules/graceful-fs/graceful-fs.js:141:5)
4 verbose stack     at OpenReq.done (/Users/dring/.nvm/versions/node/v0.12.5/lib/node_modules/npm/node_modules/graceful-fs/graceful-fs.js:61:22)
5 verbose cwd /Users/dring/src/github.com/dring1/500pxPhotoShowcase/client
6 error Darwin 14.5.0
7 error argv "/Users/dring/.nvm/versions/node/v0.12.5/bin/node" "/Users/dring/.nvm/versions/node/v0.12.5/bin/npm" "run" "devb"
8 error node v0.12.5
9 error npm  v2.11.2
10 error missing script: devb
11 error If you need help, you may report this error at:
11 error     <https://github.com/npm/npm/issues>
12 verbose exit [ 1, true ]
